<?xml version="1.0" encoding="UTF-8"?>
<testng-results skipped="0" failed="0" ignored="0" total="2" passed="2">
  <reporter-output>
  </reporter-output>
  <suite name="Default Suite" duration-ms="2025" started-at="2023-02-25T22:20:40 IST" finished-at="2023-02-25T22:20:42 IST">
    <groups>
    </groups>
    <test name="RestAssured_API" duration-ms="2025" started-at="2023-02-25T22:20:40 IST" finished-at="2023-02-25T22:20:42 IST">
      <class name="BasicTests.APITest">
        <test-method status="PASS" signature="test1()[pri:0, instance:BasicTests.APITest@26653222]" name="test1" duration-ms="1822" started-at="2023-02-25T22:20:40 IST" finished-at="2023-02-25T22:20:42 IST">
          <reporter-output>
          </reporter-output>
        </test-method> <!-- test1 -->
        <test-method status="PASS" signature="test2()[pri:0, instance:BasicTests.APITest@26653222]" name="test2" duration-ms="151" started-at="2023-02-25T22:20:42 IST" finished-at="2023-02-25T22:20:42 IST">
          <reporter-output>
          </reporter-output>
        </test-method> <!-- test2 -->
      </class> <!-- BasicTests.APITest -->
    </test> <!-- RestAssured_API -->
  </suite> <!-- Default Suite -->
</testng-results>
